<?xml version="1.0" encoding="UTF-8"?>
<testng-results skipped="0" failed="0" total="4" passed="4">
  <reporter-output>
  </reporter-output>
  <suite name="Default suite" duration-ms="1885" started-at="2017-08-28T13:31:28Z" finished-at="2017-08-28T13:31:29Z">
    <groups>
    </groups>
    <test name="Default test" duration-ms="1885" started-at="2017-08-28T13:31:28Z" finished-at="2017-08-28T13:31:29Z">
      <class name="checkerswithmain.Check1">
        <test-method status="PASS" signature="mul(java.lang.String, java.lang.String, java.lang.String)[pri:0, instance:checkerswithmain.Check1@59fa1d9b]" name="mul" duration-ms="22" started-at="2017-08-28T19:01:29Z" data-provider="arthmatics" finished-at="2017-08-28T19:01:29Z">
          <params>
            <param index="0">
              <value>
                <![CDATA[7.0]]>
              </value>
            </param>
            <param index="1">
              <value>
                <![CDATA[8.0]]>
              </value>
            </param>
            <param index="2">
              <value>
                <![CDATA[0.0]]>
              </value>
            </param>
          </params>
          <reporter-output>
          </reporter-output>
        </test-method> <!-- mul -->
        <test-method status="PASS" signature="sub(java.lang.String, java.lang.String, java.lang.String)[pri:0, instance:checkerswithmain.Check1@59fa1d9b]" name="sub" duration-ms="3" started-at="2017-08-28T19:01:29Z" data-provider="arthmatics" finished-at="2017-08-28T19:01:29Z">
          <params>
            <param index="0">
              <value>
                <![CDATA[5.0]]>
              </value>
            </param>
            <param index="1">
              <value>
                <![CDATA[6.0]]>
              </value>
            </param>
            <param index="2">
              <value>
                <![CDATA[0.0]]>
              </value>
            </param>
          </params>
          <reporter-output>
          </reporter-output>
        </test-method> <!-- sub -->
        <test-method status="PASS" signature="sum(java.lang.String, java.lang.String, java.lang.String)[pri:0, instance:checkerswithmain.Check1@59fa1d9b]" name="sum" duration-ms="4" started-at="2017-08-28T19:01:29Z" data-provider="arthmatics" finished-at="2017-08-28T19:01:29Z">
          <params>
            <param index="0">
              <value>
                <![CDATA[1.0]]>
              </value>
            </param>
            <param index="1">
              <value>
                <![CDATA[2.0]]>
              </value>
            </param>
            <param index="2">
              <value>
                <![CDATA[4.0]]>
              </value>
            </param>
          </params>
          <reporter-output>
          </reporter-output>
        </test-method> <!-- sum -->
        <test-method status="PASS" signature="sum(java.lang.String, java.lang.String, java.lang.String)[pri:0, instance:checkerswithmain.Check1@59fa1d9b]" name="sum" duration-ms="3" started-at="2017-08-28T19:01:29Z" data-provider="arthmatics" finished-at="2017-08-28T19:01:29Z">
          <params>
            <param index="0">
              <value>
                <![CDATA[3.0]]>
              </value>
            </param>
            <param index="1">
              <value>
                <![CDATA[4.0]]>
              </value>
            </param>
            <param index="2">
              <value>
                <![CDATA[5.0]]>
              </value>
            </param>
          </params>
          <reporter-output>
          </reporter-output>
        </test-method> <!-- sum -->
      </class> <!-- checkerswithmain.Check1 -->
    </test> <!-- Default test -->
  </suite> <!-- Default suite -->
</testng-results>
